Traceback (most recent call last):
  File "/opt/hostedtoolcache/Python/3.9.14/x64/lib/python3.9/site-packages/jupyter_cache/executors/utils.py", line 51, in single_nb_execution
    executenb(
  File "/opt/hostedtoolcache/Python/3.9.14/x64/lib/python3.9/site-packages/nbclient/client.py", line 1204, in execute
    return NotebookClient(nb=nb, resources=resources, km=km, **kwargs).execute()
  File "/opt/hostedtoolcache/Python/3.9.14/x64/lib/python3.9/site-packages/nbclient/util.py", line 84, in wrapped
    return just_run(coro(*args, **kwargs))
  File "/opt/hostedtoolcache/Python/3.9.14/x64/lib/python3.9/site-packages/nbclient/util.py", line 62, in just_run
    return loop.run_until_complete(coro)
  File "/opt/hostedtoolcache/Python/3.9.14/x64/lib/python3.9/asyncio/base_events.py", line 647, in run_until_complete
    return future.result()
  File "/opt/hostedtoolcache/Python/3.9.14/x64/lib/python3.9/site-packages/nbclient/client.py", line 663, in async_execute
    await self.async_execute_cell(
  File "/opt/hostedtoolcache/Python/3.9.14/x64/lib/python3.9/site-packages/nbclient/client.py", line 965, in async_execute_cell
    await self._check_raise_for_error(cell, cell_index, exec_reply)
  File "/opt/hostedtoolcache/Python/3.9.14/x64/lib/python3.9/site-packages/nbclient/client.py", line 862, in _check_raise_for_error
    raise CellExecutionError.from_cell_and_msg(cell, exec_reply_content)
nbclient.exceptions.CellExecutionError: An error occurred while executing the following cell:
------------------
from policyengine_core.charts import BLUE, format_fig
import plotly.graph_objects as go
from IPython.display import HTML

sim = Simulation(
    situation=dict(
        people=dict(person=dict()),
        axes=[
            [dict(name="age", min=0, max=100, count=101)],
            [dict(name="employment_income", min=0, max=100_000, count=101)],
        ],
    )
)

employment_income = sim.calculate("employment_income").reshape(101, 101)
age = sim.calculate("age").reshape(101, 101)
income_tax = sim.calculate("income_tax").reshape(101, 101)

fig = go.Figure(
    data=[
        go.Surface(
            x=employment_income,
            y=age,
            z=income_tax,
        )
    ],
)
HTML(fig.to_html(full_html=False, include_plotlyjs="cdn"))
------------------

[0;31m---------------------------------------------------------------------------[0m
[0;31mModuleNotFoundError[0m                       Traceback (most recent call last)
Cell [0;32mIn [2], line 1[0m
[0;32m----> 1[0m [38;5;28;01mfrom[39;00m [38;5;21;01mpolicyengine_core[39;00m[38;5;21;01m.[39;00m[38;5;21;01mcharts[39;00m [38;5;28;01mimport[39;00m BLUE, format_fig
[1;32m      2[0m [38;5;28;01mimport[39;00m [38;5;21;01mplotly[39;00m[38;5;21;01m.[39;00m[38;5;21;01mgraph_objects[39;00m [38;5;28;01mas[39;00m [38;5;21;01mgo[39;00m
[1;32m      3[0m [38;5;28;01mfrom[39;00m [38;5;21;01mIPython[39;00m[38;5;21;01m.[39;00m[38;5;21;01mdisplay[39;00m [38;5;28;01mimport[39;00m HTML

File [0;32m/opt/hostedtoolcache/Python/3.9.14/x64/lib/python3.9/site-packages/policyengine_core/charts/__init__.py:1[0m
[0;32m----> 1[0m [38;5;28;01mfrom[39;00m [38;5;21;01m.[39;00m[38;5;21;01mformatting[39;00m [38;5;28;01mimport[39;00m (
[1;32m      2[0m     DARK_BLUE,
[1;32m      3[0m     BLUE,
[1;32m      4[0m     LIGHT_BLUE,
[1;32m      5[0m     LIGHTER_BLUE,
[1;32m      6[0m     DARK_GREEN,
[1;32m      7[0m     LIGHT_GREEN,
[1;32m      8[0m     DARK_GRAY,
[1;32m      9[0m     GRAY,
[1;32m     10[0m     LIGHT_GRAY,
[1;32m     11[0m     WHITE,
[1;32m     12[0m     format_fig,
[1;32m     13[0m     display_fig,
[1;32m     14[0m )

File [0;32m/opt/hostedtoolcache/Python/3.9.14/x64/lib/python3.9/site-packages/policyengine_core/charts/formatting.py:1[0m
[0;32m----> 1[0m [38;5;28;01mimport[39;00m [38;5;21;01mplotly[39;00m[38;5;21;01m.[39;00m[38;5;21;01mgraph_objects[39;00m [38;5;28;01mas[39;00m [38;5;21;01mgo[39;00m
[1;32m      2[0m [38;5;28;01mfrom[39;00m [38;5;21;01mIPython[39;00m[38;5;21;01m.[39;00m[38;5;21;01mdisplay[39;00m [38;5;28;01mimport[39;00m HTML
[1;32m      5[0m WHITE [38;5;241m=[39m [38;5;124m"[39m[38;5;124m#FFF[39m[38;5;124m"[39m

[0;31mModuleNotFoundError[0m: No module named 'plotly'
ModuleNotFoundError: No module named 'plotly'

